2026-05-07 05:03:50,079 - NTE_Bohe - INFO - 程序启动
2026-05-07 05:03:50,623 - NTE_Bohe - INFO - 麻将界面加载
2026-05-07 05:03:50,624 - NTE_Bohe - ERROR - 麻将功能开发中
2026-05-07 05:03:50,626 - NTE_Bohe - INFO - 任务界面加载
2026-05-07 05:03:50,627 - NTE_Bohe - ERROR - 任务功能开发中
2026-05-07 05:03:51,390 - NTE_Bohe - INFO - 热键已注册: Alt+Y 录制/停止, Alt+T 回放/停止
2026-05-07 05:03:51,392 - NTE_Bohe - INFO - 已绑定窗口: 异环 (句柄 6295374)
2026-05-07 05:03:51,455 - NTE_Bohe - INFO - 加入我们界面已加载
2026-05-07 05:03:51,951 - NTE_Bohe - INFO - 主界面已显示
2026-05-07 05:04:03,540 - NTE_Bohe - INFO - 拾取窗口: 异环  
2026-05-07 05:04:14,986 - NTE_Bohe - INFO - 锁定窗口: 异环   (句柄: 16912878)
2026-05-07 05:05:16,671 - NTE_Bohe - INFO - 程序启动
2026-05-07 05:05:17,238 - NTE_Bohe - INFO - 麻将界面加载
2026-05-07 05:05:17,238 - NTE_Bohe - ERROR - 麻将功能开发中
2026-05-07 05:05:17,239 - NTE_Bohe - INFO - 任务界面加载
2026-05-07 05:05:17,239 - NTE_Bohe - ERROR - 任务功能开发中
2026-05-07 05:05:17,882 - NTE_Bohe - INFO - 热键已注册: Alt+Y 录制/停止, Alt+T 回放/停止
2026-05-07 05:05:17,884 - NTE_Bohe - INFO - 已绑定窗口: 异环 (句柄 6295374)
2026-05-07 05:05:17,936 - NTE_Bohe - INFO - 加入我们界面已加载
2026-05-07 05:05:18,401 - NTE_Bohe - INFO - 主界面已显示
2026-05-07 05:05:29,627 - NTE_Bohe - INFO - 拾取窗口: 异环  
2026-05-07 05:05:37,024 - NTE_Bohe - INFO - 拾取窗口: 异环  
2026-05-07 05:05:40,638 - NTE_Bohe - INFO - 锁定窗口: 异环   (句柄: 16912878)
2026-05-07 05:06:51,806 - NTE_Bohe - INFO - 程序启动
2026-05-07 05:06:52,321 - NTE_Bohe - INFO - 麻将界面加载
2026-05-07 05:06:52,321 - NTE_Bohe - ERROR - 麻将功能开发中
2026-05-07 05:06:52,323 - NTE_Bohe - INFO - 任务界面加载
2026-05-07 05:06:52,323 - NTE_Bohe - ERROR - 任务功能开发中
2026-05-07 05:06:52,903 - NTE_Bohe - INFO - 热键已注册: Alt+Y 录制/停止, Alt+T 回放/停止
2026-05-07 05:06:52,904 - NTE_Bohe - INFO - 已绑定窗口: 异环 (句柄 6295374)
2026-05-07 05:06:52,951 - NTE_Bohe - INFO - 加入我们界面已加载
2026-05-07 05:06:53,397 - NTE_Bohe - INFO - 主界面已显示
2026-05-07 05:07:05,296 - NTE_Bohe - INFO - 拾取窗口: 异环  
2026-05-07 05:07:07,224 - NTE_Bohe - INFO - 锁定窗口: 异环   (句柄: 16912878)
2026-05-07 05:16:34,823 - NTE_Bohe - INFO - 程序启动
2026-05-07 05:16:35,322 - NTE_Bohe - INFO - 麻将界面加载
2026-05-07 05:16:35,322 - NTE_Bohe - ERROR - 麻将功能开发中
2026-05-07 05:16:35,324 - NTE_Bohe - INFO - 任务界面加载
2026-05-07 05:16:35,324 - NTE_Bohe - ERROR - 任务功能开发中
2026-05-07 05:16:35,881 - NTE_Bohe - INFO - 热键已注册: Alt+Y 录制/停止, Alt+T 回放/停止
2026-05-07 05:16:35,883 - NTE_Bohe - INFO - 已绑定窗口: 异环 (句柄 6295374)
2026-05-07 05:16:35,934 - NTE_Bohe - INFO - 加入我们界面已加载
2026-05-07 05:16:36,448 - NTE_Bohe - INFO - 主界面已显示
2026-05-07 05:16:55,099 - NTE_Bohe - INFO - 拾取窗口: 异环  
2026-05-07 05:16:56,693 - NTE_Bohe - INFO - 锁定窗口: 异环   (句柄: 16912878)
2026-05-07 06:07:55,769 - NTE_Bohe - INFO - 程序启动
2026-05-07 06:07:56,677 - NTE_Bohe - INFO - 麻将界面加载
2026-05-07 06:07:56,679 - NTE_Bohe - ERROR - 麻将功能开发中
2026-05-07 06:07:56,681 - NTE_Bohe - INFO - 任务界面加载
2026-05-07 06:07:56,681 - NTE_Bohe - ERROR - 任务功能开发中
2026-05-07 06:12:44,399 - NTE_Bohe - INFO - 程序启动
2026-05-07 06:12:45,143 - NTE_Bohe - INFO - 麻将界面加载
2026-05-07 06:12:45,143 - NTE_Bohe - ERROR - 麻将功能开发中
2026-05-07 06:12:45,144 - NTE_Bohe - INFO - 任务界面加载
2026-05-07 06:12:45,145 - NTE_Bohe - ERROR - 任务功能开发中
2026-05-07 06:12:46,054 - NTE_Bohe - INFO - 热键已注册: Alt+Y 录制/停止, Alt+T 回放/停止
2026-05-07 06:12:46,056 - NTE_Bohe - INFO - 已绑定窗口: 异环 (句柄 6295374)
2026-05-07 06:12:46,106 - NTE_Bohe - INFO - 加入我们界面已加载
2026-05-07 06:12:46,673 - NTE_Bohe - INFO - 主界面已显示
2026-05-07 06:14:24,608 - NTE_Bohe - INFO - 程序启动
2026-05-07 06:14:25,328 - NTE_Bohe - INFO - 麻将界面加载
2026-05-07 06:14:25,329 - NTE_Bohe - ERROR - 麻将功能开发中
2026-05-07 06:14:25,331 - NTE_Bohe - INFO - 任务界面加载
2026-05-07 06:14:25,331 - NTE_Bohe - ERROR - 任务功能开发中
2026-05-07 06:14:25,981 - NTE_Bohe - INFO - 热键已注册: Alt+Y 录制/停止, Alt+T 回放/停止
2026-05-07 06:14:25,982 - NTE_Bohe - INFO - 已绑定窗口: 异环 (句柄 6295374)
2026-05-07 06:14:26,012 - NTE_Bohe - INFO - 加入我们界面已加载
2026-05-07 06:14:26,538 - NTE_Bohe - INFO - 主界面已显示
2026-05-07 06:18:27,649 - NTE_Bohe - INFO - 程序启动
2026-05-07 06:18:28,106 - NTE_Bohe - INFO - 麻将界面加载
2026-05-07 06:18:28,106 - NTE_Bohe - ERROR - 麻将功能开发中
2026-05-07 06:18:28,108 - NTE_Bohe - INFO - 任务界面加载
2026-05-07 06:18:28,108 - NTE_Bohe - ERROR - 任务功能开发中
2026-05-07 06:18:28,546 - NTE_Bohe - INFO - 热键已注册: Alt+Y 录制/停止, Alt+T 回放/停止
2026-05-07 06:18:28,548 - NTE_Bohe - INFO - 已绑定窗口: 异环 (句柄 16125106)
2026-05-07 06:18:28,567 - NTE_Bohe - INFO - 加入我们界面已加载
2026-05-07 06:18:28,944 - NTE_Bohe - INFO - 主界面已显示
2026-05-07 06:19:08,322 - NTE_Bohe - INFO - 拾取窗口: 星痕共鸣
2026-05-07 06:19:09,422 - NTE_Bohe - INFO - 锁定窗口: 星痕共鸣 (句柄: 329846)
2026-05-07 06:22:10,592 - NTE_Bohe - INFO - 程序启动
2026-05-07 06:22:11,101 - NTE_Bohe - INFO - 麻将界面加载
2026-05-07 06:22:11,101 - NTE_Bohe - ERROR - 麻将功能开发中
2026-05-07 06:22:11,102 - NTE_Bohe - INFO - 任务界面加载
2026-05-07 06:22:11,102 - NTE_Bohe - ERROR - 任务功能开发中
2026-05-07 06:22:11,567 - NTE_Bohe - INFO - 热键已注册: Alt+Y 录制/停止, Alt+T 回放/停止
2026-05-07 06:22:11,569 - NTE_Bohe - INFO - 已绑定窗口: 异环 (句柄 16125106)
2026-05-07 06:22:11,589 - NTE_Bohe - INFO - 加入我们界面已加载
2026-05-07 06:22:12,008 - NTE_Bohe - INFO - 主界面已显示
2026-05-07 06:22:19,203 - NTE_Bohe - INFO - 拾取窗口: 星痕共鸣
2026-05-07 06:22:20,359 - NTE_Bohe - INFO - 锁定窗口: 星痕共鸣 (句柄: 329846)
2026-05-07 06:27:32,050 - NTE_Bohe - INFO - 程序启动
2026-05-07 06:27:32,475 - NTE_Bohe - INFO - 麻将界面加载
2026-05-07 06:27:32,475 - NTE_Bohe - ERROR - 麻将功能开发中
2026-05-07 06:27:32,476 - NTE_Bohe - INFO - 任务界面加载
2026-05-07 06:27:32,476 - NTE_Bohe - ERROR - 任务功能开发中
2026-05-07 06:27:32,900 - NTE_Bohe - INFO - 热键已注册: Alt+Y 录制/停止, Alt+T 回放/停止
2026-05-07 06:27:32,901 - NTE_Bohe - INFO - 已绑定窗口: 异环 (句柄 16125106)
2026-05-07 06:27:32,920 - NTE_Bohe - INFO - 加入我们界面已加载
2026-05-07 06:27:33,276 - NTE_Bohe - INFO - 主界面已显示
2026-05-07 06:28:32,982 - NTE_Bohe - INFO - 拾取窗口: 星痕共鸣
2026-05-07 06:28:34,099 - NTE_Bohe - INFO - 锁定窗口: 星痕共鸣 (句柄: 460808)
2026-05-07 06:31:34,635 - NTE_Bohe - INFO - 程序启动
2026-05-07 06:31:35,082 - NTE_Bohe - INFO - 麻将界面加载
2026-05-07 06:31:35,082 - NTE_Bohe - ERROR - 麻将功能开发中
2026-05-07 06:31:35,084 - NTE_Bohe - INFO - 任务界面加载
2026-05-07 06:31:35,084 - NTE_Bohe - ERROR - 任务功能开发中
2026-05-07 06:31:35,947 - NTE_Bohe - INFO - 热键已注册: Alt+Y 录制/停止, Alt+T 回放/停止
2026-05-07 06:31:35,948 - NTE_Bohe - INFO - 已绑定窗口: 异环 (句柄 16125106)
2026-05-07 06:31:35,963 - NTE_Bohe - INFO - 加入我们界面已加载
2026-05-07 06:31:36,317 - NTE_Bohe - INFO - 主界面已显示
2026-05-07 06:32:25,103 - NTE_Bohe - INFO - 拾取窗口: 星痕共鸣
2026-05-07 06:32:26,192 - NTE_Bohe - INFO - 锁定窗口: 星痕共鸣 (句柄: 460808)
2026-05-07 08:17:51,184 - NTE_Bohe - INFO - 程序启动
2026-05-07 08:17:52,194 - NTE_Bohe - INFO - 麻将界面加载
2026-05-07 08:17:52,194 - NTE_Bohe - ERROR - 麻将功能开发中
2026-05-07 08:17:52,196 - NTE_Bohe - INFO - 任务界面加载
2026-05-07 08:17:52,196 - NTE_Bohe - ERROR - 任务功能开发中
2026-05-07 08:17:53,797 - NTE_Bohe - INFO - 热键已注册: Alt+Y 录制/停止, Alt+T 回放/停止
2026-05-07 08:17:53,799 - NTE_Bohe - INFO - 已绑定窗口: 异环 (句柄 16125106)
2026-05-07 08:17:53,833 - NTE_Bohe - INFO - 加入我们界面已加载
2026-05-07 08:17:54,294 - NTE_Bohe - INFO - 主界面已显示
2026-05-07 08:23:35,786 - NTE_Bohe - INFO - 程序启动
2026-05-07 08:23:36,297 - NTE_Bohe - INFO - 麻将界面加载
2026-05-07 08:23:36,297 - NTE_Bohe - ERROR - 麻将功能开发中
2026-05-07 08:23:36,298 - NTE_Bohe - INFO - 任务界面加载
2026-05-07 08:23:36,298 - NTE_Bohe - ERROR - 任务功能开发中
2026-05-07 08:23:37,027 - NTE_Bohe - INFO - 热键已注册: Alt+Y 录制/停止, Alt+T 回放/停止
2026-05-07 08:23:37,028 - NTE_Bohe - INFO - 已绑定窗口: 异环 (句柄 16125106)
2026-05-07 08:23:37,046 - NTE_Bohe - INFO - 加入我们界面已加载
2026-05-07 08:23:37,455 - NTE_Bohe - INFO - 主界面已显示
2026-05-07 08:25:02,569 - NTE_Bohe - INFO - 拾取窗口: 异环  
2026-05-07 08:25:04,710 - NTE_Bohe - INFO - 锁定窗口: 异环   (句柄: 2556804)
2026-05-07 08:26:08,744 - NTE_Bohe - INFO - 程序启动
2026-05-07 08:26:09,249 - NTE_Bohe - INFO - 麻将界面加载
2026-05-07 08:26:09,249 - NTE_Bohe - ERROR - 麻将功能开发中
2026-05-07 08:26:09,251 - NTE_Bohe - INFO - 任务界面加载
2026-05-07 08:26:09,251 - NTE_Bohe - ERROR - 任务功能开发中
2026-05-07 08:26:10,048 - NTE_Bohe - INFO - 热键已注册: Alt+Y 录制/停止, Alt+T 回放/停止
2026-05-07 08:26:10,049 - NTE_Bohe - INFO - 已绑定窗口: 异环 (句柄 2556804)
2026-05-07 08:26:10,068 - NTE_Bohe - INFO - 加入我们界面已加载
2026-05-07 08:26:10,486 - NTE_Bohe - INFO - 主界面已显示
2026-05-07 08:26:17,519 - NTE_Bohe - INFO - 拾取窗口: 异环  
2026-05-07 08:26:18,470 - NTE_Bohe - INFO - 锁定窗口: 异环   (句柄: 2556804)
2026-05-07 08:33:01,807 - NTE_Bohe - INFO - 程序启动
2026-05-07 08:33:02,315 - NTE_Bohe - INFO - 麻将界面加载
2026-05-07 08:33:02,315 - NTE_Bohe - ERROR - 麻将功能开发中
2026-05-07 08:33:02,316 - NTE_Bohe - INFO - 任务界面加载
2026-05-07 08:33:02,316 - NTE_Bohe - ERROR - 任务功能开发中
2026-05-07 08:33:03,101 - NTE_Bohe - INFO - 热键已注册: Alt+Y 录制/停止, Alt+T 回放/停止
2026-05-07 08:33:03,102 - NTE_Bohe - INFO - 已绑定窗口: 异环 (句柄 2556804)
2026-05-07 08:33:03,121 - NTE_Bohe - INFO - 加入我们界面已加载
2026-05-07 08:33:03,569 - NTE_Bohe - INFO - 主界面已显示
2026-05-07 08:33:09,897 - NTE_Bohe - WARNING - 没有可锁定的窗口，请先拾取一个窗口
2026-05-07 08:33:11,432 - NTE_Bohe - WARNING - 没有可锁定的窗口，请先拾取一个窗口
2026-05-07 08:33:13,369 - NTE_Bohe - INFO - 拾取窗口: 异环  
2026-05-07 08:33:14,432 - NTE_Bohe - INFO - 锁定窗口: 异环   (句柄: 2556804)
2026-05-07 08:41:50,241 - NTE_Bohe - INFO - 程序启动
2026-05-07 08:41:50,837 - NTE_Bohe - INFO - 麻将界面加载
2026-05-07 08:41:50,837 - NTE_Bohe - ERROR - 麻将功能开发中
2026-05-07 08:41:50,838 - NTE_Bohe - INFO - 任务界面加载
2026-05-07 08:41:50,838 - NTE_Bohe - ERROR - 任务功能开发中
2026-05-07 08:41:51,735 - NTE_Bohe - INFO - 热键已注册: Alt+Y 录制/停止, Alt+T 回放/停止
2026-05-07 08:41:51,736 - NTE_Bohe - INFO - 已绑定窗口: 异环 (句柄 2556804)
2026-05-07 08:41:51,753 - NTE_Bohe - INFO - 加入我们界面已加载
2026-05-07 08:41:52,167 - NTE_Bohe - INFO - 主界面已显示
2026-05-07 08:42:03,202 - NTE_Bohe - INFO - 拾取窗口: 异环  
2026-05-07 08:42:04,248 - NTE_Bohe - INFO - 锁定窗口: 异环   (句柄: 2556804)
2026-05-07 08:46:15,642 - NTE_Bohe - INFO - 程序启动
2026-05-07 08:46:16,160 - NTE_Bohe - INFO - 麻将界面加载
2026-05-07 08:46:16,160 - NTE_Bohe - ERROR - 麻将功能开发中
2026-05-07 08:46:16,162 - NTE_Bohe - INFO - 任务界面加载
2026-05-07 08:46:16,162 - NTE_Bohe - ERROR - 任务功能开发中
2026-05-07 08:46:17,004 - NTE_Bohe - INFO - 热键已注册: Alt+Y 录制/停止, Alt+T 回放/停止
2026-05-07 08:46:17,005 - NTE_Bohe - INFO - 已绑定窗口: 异环 (句柄 2556804)
2026-05-07 08:46:17,023 - NTE_Bohe - INFO - 加入我们界面已加载
2026-05-07 08:46:17,453 - NTE_Bohe - INFO - 主界面已显示
2026-05-07 08:46:24,911 - NTE_Bohe - INFO - 拾取窗口: 异环  
2026-05-07 08:46:25,858 - NTE_Bohe - INFO - 锁定窗口: 异环   (句柄: 2556804)
2026-05-07 09:06:41,087 - NTE_Bohe - INFO - 程序启动
2026-05-07 09:06:41,588 - NTE_Bohe - INFO - 麻将界面加载
2026-05-07 09:06:41,589 - NTE_Bohe - ERROR - 麻将功能开发中
2026-05-07 09:06:41,590 - NTE_Bohe - INFO - 任务界面加载
2026-05-07 09:06:41,591 - NTE_Bohe - ERROR - 任务功能开发中
2026-05-07 09:06:42,390 - NTE_Bohe - INFO - 热键已注册: Alt+Y 录制/停止, Alt+T 回放/停止
2026-05-07 09:06:42,392 - NTE_Bohe - INFO - 已绑定窗口: 异环 (句柄 2556804)
2026-05-07 09:06:42,410 - NTE_Bohe - INFO - 加入我们界面已加载
2026-05-07 09:06:42,824 - NTE_Bohe - INFO - 主界面已显示
2026-05-07 09:06:50,316 - NTE_Bohe - INFO - 拾取窗口: 异环  
2026-05-07 09:06:51,358 - NTE_Bohe - INFO - 锁定窗口: 异环   (句柄: 2556804)
